<?xml version="1.0" encoding="UTF-8"?>
<!-- Generated by org.testng.reporters.JUnitReportReporter -->
<testsuite hostname="Jenkins" failures="0" tests="1" name="testNG.gildedTF" time="6.302" errors="0" timestamp="2021-10-08T13:36:16 GMT" skipped="0">
  <testcase classname="testNG.gildedTF" name="f" time="6.302"/>
  <system-out/>
</testsuite> <!-- testNG.gildedTF -->
