<?xml version="1.0" encoding="UTF-8"?>
<!-- Generated by org.testng.reporters.JUnitReportReporter -->
<testsuite hostname="Jenkins" failures="0" tests="1" name="testNG.seleniumtest" time="4.439" errors="0" timestamp="2021-10-08T08:09:57 GMT" skipped="0">
  <testcase classname="testNG.seleniumtest" name="f" time="4.439"/>
  <system-out/>
</testsuite> <!-- testNG.seleniumtest -->
